0 info it worked if it ends with ok
1 verbose cli [ '/usr/bin/node', '/usr/bin/npm', 'install', '-g', 'jshint' ]
2 info using npm@1.2.32
3 info using node@v0.10.12
4 verbose node symlink /usr/bin/node
5 verbose read json /usr/lib/package.json
6 verbose read json /usr/lib/package.json
7 verbose cache add [ 'jshint', null ]
8 verbose cache add name=undefined spec="jshint" args=["jshint",null]
9 verbose parsed url { protocol: null,
9 verbose parsed url   slashes: null,
9 verbose parsed url   auth: null,
9 verbose parsed url   host: null,
9 verbose parsed url   port: null,
9 verbose parsed url   hostname: null,
9 verbose parsed url   hash: null,
9 verbose parsed url   search: null,
9 verbose parsed url   query: null,
9 verbose parsed url   pathname: 'jshint',
9 verbose parsed url   path: 'jshint',
9 verbose parsed url   href: 'jshint' }
10 silly lockFile da5c03cb-jshint jshint
11 verbose lock jshint /home/ubuntu/.npm/da5c03cb-jshint.lock
12 silly lockFile da5c03cb-jshint jshint
13 silly lockFile da5c03cb-jshint jshint
14 verbose addNamed [ 'jshint', '' ]
15 verbose addNamed [ null, '' ]
16 silly lockFile a02a2468-jshint jshint@
17 verbose lock jshint@ /home/ubuntu/.npm/a02a2468-jshint.lock
18 silly addNameRange { name: 'jshint', range: '', hasData: false }
19 verbose url raw jshint
20 verbose url resolving [ 'https://registry.npmjs.org/', './jshint' ]
21 verbose url resolved https://registry.npmjs.org/jshint
22 info trying registry request attempt 1 at 05:46:06
23 verbose etag "QV7SEN9DBA02OPY29AL1MSBN"
24 http GET https://registry.npmjs.org/jshint
25 info retry will retry, error on last attempt: Error: connect ECONNREFUSED
26 info trying registry request attempt 2 at 05:46:17
27 verbose etag "QV7SEN9DBA02OPY29AL1MSBN"
28 http GET https://registry.npmjs.org/jshint
29 http 404 https://registry.npmjs.org/jshint
30 verbose bad json Host not found: registry.npmjs.org
31 error registry error parsing json
32 silly registry.get cb [ 304, undefined ]
33 verbose etag jshint from cache
34 silly addNameRange number 2 { name: 'jshint', range: '', hasData: true }
35 silly addNameRange versions [ 'jshint',
35 silly addNameRange   [ '0.1.8',
35 silly addNameRange     '0.1.9',
35 silly addNameRange     '0.2.0',
35 silly addNameRange     '0.2.1',
35 silly addNameRange     '0.2.2',
35 silly addNameRange     '0.2.3',
35 silly addNameRange     '0.3.0',
35 silly addNameRange     '0.3.1',
35 silly addNameRange     '0.4.0',
35 silly addNameRange     '0.5.0',
35 silly addNameRange     '0.5.1',
35 silly addNameRange     '0.5.2',
35 silly addNameRange     '0.5.3',
35 silly addNameRange     '0.5.4',
35 silly addNameRange     '0.5.5',
35 silly addNameRange     '0.5.6',
35 silly addNameRange     '0.5.7',
35 silly addNameRange     '0.5.8',
35 silly addNameRange     '0.5.9',
35 silly addNameRange     '0.6.0',
35 silly addNameRange     '0.6.1',
35 silly addNameRange     '0.6.2',
35 silly addNameRange     '0.6.3',
35 silly addNameRange     '0.7.0',
35 silly addNameRange     '0.7.1',
35 silly addNameRange     '0.7.2',
35 silly addNameRange     '0.7.3',
35 silly addNameRange     '0.8.0',
35 silly addNameRange     '0.8.1',
35 silly addNameRange     '0.8.2',
35 silly addNameRange     '0.9.0',
35 silly addNameRange     '0.9.1',
35 silly addNameRange     '1.0.0',
35 silly addNameRange     '1.1.0',
35 silly addNameRange     '2.0.0',
35 silly addNameRange     '2.0.1',
35 silly addNameRange     '2.1.0',
35 silly addNameRange     '2.1.1',
35 silly addNameRange     '2.1.2',
35 silly addNameRange     '2.1.3',
35 silly addNameRange     '2.1.4' ] ]
36 verbose addNamed [ 'jshint', '2.1.4' ]
37 verbose addNamed [ '2.1.4', '2.1.4' ]
38 silly lockFile 0f4cd910-jshint-2-1-4 jshint@2.1.4
39 verbose lock jshint@2.1.4 /home/ubuntu/.npm/0f4cd910-jshint-2-1-4.lock
40 verbose read json /home/ubuntu/.npm/jshint/2.1.4/package/package.json
41 silly lockFile 0f4cd910-jshint-2-1-4 jshint@2.1.4
42 silly lockFile 0f4cd910-jshint-2-1-4 jshint@2.1.4
43 silly lockFile a02a2468-jshint jshint@
44 silly lockFile a02a2468-jshint jshint@
45 silly resolved [ { name: 'jshint',
45 silly resolved     version: '2.1.4',
45 silly resolved     homepage: 'http://jshint.com/',
45 silly resolved     description: 'Static analysis tool for JavaScript',
45 silly resolved     author:
45 silly resolved      { name: 'Anton Kovalyov',
45 silly resolved        email: 'anton@kovalyov.net',
45 silly resolved        url: 'http://anton.kovalyov.net/' },
45 silly resolved     repository: { type: 'git', url: 'https://github.com/jshint/jshint.git' },
45 silly resolved     bugs: { url: 'https://github.com/jshint/jshint/issues' },
45 silly resolved     bin: { jshint: './bin/jshint' },
45 silly resolved     scripts:
45 silly resolved      { build: 'node ./make.js build',
45 silly resolved        test: 'node ./make.js test',
45 silly resolved        lint: 'node ./make.js lint' },
45 silly resolved     main: './src/stable/jshint.js',
45 silly resolved     dependencies:
45 silly resolved      { shelljs: '0.1.x',
45 silly resolved        underscore: '1.4.x',
45 silly resolved        cli: '0.4.x',
45 silly resolved        minimatch: '0.x.x',
45 silly resolved        'console-browserify': '0.1.x' },
45 silly resolved     devDependencies:
45 silly resolved      { jshint: '2.1.x',
45 silly resolved        shelljs: '0.1.x',
45 silly resolved        browserify: '2.12.x',
45 silly resolved        coveraje: '0.2.x',
45 silly resolved        nodeunit: '0.8.x',
45 silly resolved        sinon: '1.7.x' },
45 silly resolved     licenses: [ [Object] ],
45 silly resolved     preferGlobal: true,
45 silly resolved     readme: 'JSHint, A Static Code Analysis Tool for JavaScript\n==================================================\n[![Build Status](https://travis-ci.org/jshint/jshint.png?branch=master)](https://travis-ci.org/jshint/jshint)\n[![NPM version](https://badge.fury.io/js/jshint.png)](http://badge.fury.io/js/jshint)\n\nJSHint is a community-driven tool to detect errors and potential problems in\nJavaScript code and to enforce your team\'s coding conventions. We made JSHint\nvery flexible so you can easily adjust it to your particular coding guidelines\nand the environment you expect your code to execute in.\n\nOur goal is to help JavaScript developers write complex programs without\nworrying about typos and language gotchas.\n\nWe believe that static code analysis programs—as well as other code quality\ntools—are important and beneficial to the JavaScript community and, thus,\nshould not alienate their users.\n\nFor general usage and hacking information, visit our website:\n[http://jshint.com/](http://jshint.com/).\n\nBug Bounties\n--------------------------------\n\nSome bugs are so important to us, we will pay you if you fix them! Go to\n[our page on BountySource](https://www.bountysource.com/#trackers/48759-jshint)\nto see which bugs have bounties behind them.\n\nReally want to have something fixed but don\'t have time? You can add your\nown bounty to any JSHint bug and make it more attractive for potential\ncontributors!\n\n**Rule:** A bug is considered fixed only after it has been merged into the\nmaster branch of the main JSHint repository.\n\nReporting a bug\n---------------\n\nTo report a bug simply create a\n[new GitHub Issue](https://github.com/jshint/jshint/issues/new) and describe\nyour problem or suggestion. We welcome all kind of feedback regarding\nJSHint including but not limited to:\n\n * When JSHint doesn\'t work as expected\n * When JSHint complains about valid JavaScript code that works in all browsers\n * When you simply want a new option or feature\n\nBefore reporting a bug look around to see if there are any open or closed tickets\nthat cover your issue. And remember the wisdom: pull request > bug report > tweet.\n\n\nFAQ\n---\n\n#### How do I turn off "mixed tabs and spaces" warning?\n\nIf you\'re using so-called [smart tabs](http://www.emacswiki.org/SmartTabs)\nthen we have an option `smarttabs` for you. Otherwise, your solution is to\nrun JSHint with a custom reporter that discards any warnings you don\'t like.\nFor example, this [example reporter](https://gist.github.com/3885619)\ndiscards all warnings about mixed tabs and spaces.\n\nContributing\n------------\n\nLook for a file named `CONTRIBUTING.md` in this repository. It contains our\ncontributing guidelines. We also have\n[a mailing list](http://groups.google.com/group/jshint/).\n\nLicense\n-------\n\nJSHint is distributed under the MIT License. One file and one file only\n(src/stable/jshint.js) is distributed under the slightly modified MIT License.\n\nAttribution\n-----------\n\nCore Team members:\n\n * [Anton Kovalyov](http://anton.kovalyov.net/) ([@valueof](http://twitter.com/valueof))\n * [Wolfgang Kluge](http://klugesoftware.de/) ([blog](http://gehirnwindung.de/))\n * [Josh Perez](http://www.goatslacker.com/) ([@goatslacker](http://twitter.com/goatslacker))\n * [Brent Lintner](http://brentlintner.heroku.com/) ([@brentlintner](http://twitter.com/brentlintner))\n * [Bernard Pratz](http://i.got.nothing.to/blog/) ([@guyzmo](https://twitter.com/guyzmo))\n\nMaintainer: Anton Kovalyov\n\nThank you!\n----------\n\nWe really appreciate all kind of feedback and contributions. Thanks for using and supporting JSHint!\n',
45 silly resolved     readmeFilename: 'README.md',
45 silly resolved     _id: 'jshint@2.1.4',
45 silly resolved     _from: 'jshint@' } ]
46 info install jshint@2.1.4 into /usr/lib
47 info installOne jshint@2.1.4
48 verbose from cache /home/ubuntu/.npm/jshint/2.1.4/package/package.json
49 info /usr/lib/node_modules/jshint unbuild
50 verbose read json /usr/lib/node_modules/jshint/package.json
51 verbose tar unpack /home/ubuntu/.npm/jshint/2.1.4/package.tgz
52 silly lockFile 5d4bbf58-tar-usr-lib-node-modules-jshint tar:///usr/lib/node_modules/jshint
53 verbose lock tar:///usr/lib/node_modules/jshint /home/ubuntu/.npm/5d4bbf58-tar-usr-lib-node-modules-jshint.lock
54 silly lockFile 0109e13a-ntu-npm-jshint-2-1-4-package-tgz tar:///home/ubuntu/.npm/jshint/2.1.4/package.tgz
55 verbose lock tar:///home/ubuntu/.npm/jshint/2.1.4/package.tgz /home/ubuntu/.npm/0109e13a-ntu-npm-jshint-2-1-4-package-tgz.lock
56 silly gunzTarPerm modes [ '755', '644' ]
57 error Error: EACCES, mkdir '/usr/lib/node_modules/jshint'
57 error  { [Error: EACCES, mkdir '/usr/lib/node_modules/jshint']
57 error   errno: 3,
57 error   code: 'EACCES',
57 error   path: '/usr/lib/node_modules/jshint',
57 error   fstream_type: 'Directory',
57 error   fstream_path: '/usr/lib/node_modules/jshint',
57 error   fstream_class: 'DirWriter',
57 error   fstream_stack:
57 error    [ '/usr/lib/node_modules/npm/node_modules/fstream/lib/dir-writer.js:36:23',
57 error      '/usr/lib/node_modules/npm/node_modules/mkdirp/index.js:37:53',
57 error      'Object.oncomplete (fs.js:107:15)' ] }
58 error Please try running this command again as root/Administrator.
59 error System Linux 3.2.0-40-virtual
60 error command "/usr/bin/node" "/usr/bin/npm" "install" "-g" "jshint"
61 error cwd /home/ubuntu/robintan
62 error node -v v0.10.12
63 error npm -v 1.2.32
64 error path /usr/lib/node_modules/jshint
65 error fstream_path /usr/lib/node_modules/jshint
66 error fstream_type Directory
67 error fstream_class DirWriter
68 error code EACCES
69 error errno 3
70 error stack Error: EACCES, mkdir '/usr/lib/node_modules/jshint'
71 error fstream_stack /usr/lib/node_modules/npm/node_modules/fstream/lib/dir-writer.js:36:23
71 error fstream_stack /usr/lib/node_modules/npm/node_modules/mkdirp/index.js:37:53
71 error fstream_stack Object.oncomplete (fs.js:107:15)
72 verbose exit [ 3, true ]
